5 -7 94.5063
-1 -7 93.1654
5 -1 98.0372
-1 -1 96.2042
11 -7 96.2474
11 -1 97.9345
5 -13 93.1275
-1 -13 89.2398
11 -13 94.0792
-3 -7 91.6676
-3 -1 95.5121
-3 -13 55.7586
5 1 97.9074
-1 1 97.1342
11 1 97.5668
-3 1 96.2961
9 -7 95.6797
9 -1 98.2859
9 -13 94.1116
9 1 97.5992
5 -11 93.8304
-1 -11 90.2996
11 -11 94.2576
-3 -11 89.2289
9 -11 94.1386
3 -7 94.2252
3 -1 97.6046
3 -13 91.6622
3 1 98.0534
3 -11 93.1437
5 -5 95.6472
-1 -5 94.1278
11 -5 97.6371
-3 -5 93.2356
9 -5 97.0585
3 -5 94.9822
15 -7 97.5776
15 -1 97.5343
15 -13 94.236
15 1 97.5668
15 -11 94.9767
15 -5 98.4373
5 -15 91.6568
-1 -15 55.7803
11 -15 94.09
-3 -15 50.0054
9 -15 93.825
3 -15 90.2941
15 -15 94.1062
-5 -7 90.2779
-5 -1 94.5334
-5 -13 50.0054
-5 1 95.1552
-5 -11 55.6883
-5 -5 91.6568
-5 -15 50.0054
5 3 97.4208
-1 3 96.6908
11 3 97.4208
-3 3 94.5604
9 3 97.4208
3 3 97.4424
15 3 97.4208
-5 3 95.1768
7 -7 94.9984
7 -1 98.34
7 -13 93.8304
7 1 97.7236
7 -11 94.1224
7 -5 96.3448
7 -15 93.1329
7 3 97.4208
5 -9 94.144
-1 -9 91.6513
11 -9 94.9713
-3 -9 90.2941
9 -9 94.4847
3 -9 93.8467
15 -9 96.215
-5 -9 89.2452
7 -9 94.2143
1 -7 93.8953
1 -1 97.0261
1 -13 90.2887
1 1 97.8642
1 -11 91.6568
1 -5 94.4523
1 -15 89.2343
1 3 97.5397
1 -9 93.1545
5 -3 96.9936
-1 -3 95.0633
11 -3 98.3616
-3 -3 94.4523
9 -3 98.1291
3 -3 96.361
15 -3 98.5076
-5 -3 93.2032
7 -3 97.5776
1 -3 95.5986
13 -7 97.0369
13 -1 97.6803
13 -13 94.144
13 1 97.5668
13 -11 94.4793
13 -5 98.1508
13 -15 94.1008
13 3 97.4208
13 -9 95.6689
13 -3 98.5995
