5 -7 94.4748
-1 -7 91.9902
5 -1 97.1497
-1 -1 94.9607
11 -7 95.687
11 -1 97.6406
5 -13 91.9852
-1 -13 88.8544
11 -13 94.2995
-3 -7 90.7329
-3 -1 93.8336
-3 -13 81.9165
5 1 97.6156
-1 1 95.9826
11 1 97.1848
-3 1 94.4347
9 -7 95.3764
9 -1 97.6006
9 -13 93.9238
9 1 97.2599
5 -11 93.1874
-1 -11 89.6959
11 -11 94.59
-3 -11 88.8594
9 -11 94.3195
3 -7 93.9538
3 -1 96.6238
3 -13 90.7329
3 1 97.5855
3 -11 91.9852
5 -5 95.2512
-1 -5 93.2375
11 -5 96.6087
-3 -5 91.9802
9 -5 96.1779
3 -5 94.7052
15 -7 96.6238
15 -1 97.1597
15 -13 94.8204
15 1 97.1748
15 -11 95.3163
15 -5 97.5254
5 -15 90.7329
-1 -15 81.9917
11 -15 93.9238
-3 -15 50.0877
9 -15 93.1774
3 -15 89.6909
15 -15 94.57
-5 -7 89.6959
-5 -1 92.7165
-5 -13 50.0877
-5 1 93.0572
-5 -11 81.641
-5 -5 90.7429
-5 -15 50.0877
5 3 97.2299
-1 3 96.0427
11 3 97.2299
-3 3 93.5431
9 3 97.2299
3 3 97.2048
15 3 97.2299
-5 3 90.0867
7 -7 94.9607
7 -1 97.5154
7 -13 93.1874
7 1 97.4353
7 -11 93.9288
7 -5 95.6469
7 -15 91.9852
7 3 97.2299
5 -9 93.9638
-1 -9 90.7278
11 -9 95.1961
-3 -9 89.6959
9 -9 94.6952
3 -9 93.1874
15 -9 95.7221
-5 -9 88.8594
7 -9 94.3495
1 -7 93.1974
1 -1 95.8473
1 -13 89.6909
1 1 96.9243
1 -11 90.7329
1 -5 94.059
1 -15 88.8544
1 3 97.1597
1 -9 91.9651
5 -3 96.0577
-1 -3 94.064
11 -3 97.5404
-3 -3 93.1123
9 -3 97.1648
3 -3 95.4816
15 -3 97.6607
-5 -3 91.9351
7 -3 96.6688
1 -3 94.8304
13 -7 96.1479
13 -1 97.3802
13 -13 94.575
13 1 97.1748
13 -11 94.9957
13 -5 97.0395
13 -15 94.3045
13 3 97.2299
13 -9 95.4816
13 -3 97.5555
